<?xml version="1.0" encoding="UTF-8"?>
<!-- Generated by org.testng.reporters.JUnitReportReporter -->
<testsuite hostname="DESKTOP-6ANJRIO" failures="0" tests="1" name="testscripts.regression.ValidateSearchUsingHybridPOM" time="68.601" errors="0" timestamp="2024-07-07T20:16:13 IST" skipped="0">
  <testcase classname="testscripts.regression.ValidateSearchUsingHybridPOM" name="validSearchHotel" time="68.601"/>
</testsuite> <!-- testscripts.regression.ValidateSearchUsingHybridPOM -->
