<?xml version="1.0" encoding="UTF-8"?>
<!-- Generated by org.testng.reporters.JUnitReportReporter -->
<testsuite hostname="DESKTOP-6ANJRIO" failures="0" tests="1" name="testscripts.regression.ValidateLoginUsingHybridFrameWork" time="29.089" errors="0" timestamp="2024-07-03T20:02:07 IST" skipped="0">
  <testcase classname="testscripts.regression.ValidateLoginUsingHybridFrameWork" name="work" time="29.089"/>
</testsuite> <!-- testscripts.regression.ValidateLoginUsingHybridFrameWork -->
