<?xml version="1.0" encoding="UTF-8"?>
<!-- Generated by org.testng.reporters.JUnitReportReporter -->
<testsuite hostname="DESKTOP-6ANJRIO" failures="0" tests="1" name="testscripts.regression.ValidateLoginUsingPOMandDataProvider" time="17.988" errors="0" timestamp="2024-07-04T13:49:04 IST" skipped="0">
  <testcase classname="testscripts.regression.ValidateLoginUsingPOMandDataProvider" name="validateLoginTest" time="17.988"/>
</testsuite> <!-- testscripts.regression.ValidateLoginUsingPOMandDataProvider -->
