<?xml version="1.0" encoding="UTF-8"?>
<!-- Generated by org.testng.reporters.JUnitReportReporter -->
<testsuite hostname="DESKTOP-6ANJRIO" failures="0" tests="1" name="testscripts.smoke.Tc_105" time="37.072" errors="0" timestamp="2024-07-10T13:10:24 IST" skipped="0">
  <testcase classname="testscripts.smoke.Tc_105" name="checkInDateChange" time="37.072"/>
</testsuite> <!-- testscripts.smoke.Tc_105 -->
