<?xml version="1.0" encoding="UTF-8"?>
<!-- Generated by org.testng.reporters.JUnitReportReporter -->
<testsuite hostname="DESKTOP-6ANJRIO" failures="0" tests="1" name="testscripts.smoke.Tc_106" time="60.022" errors="0" timestamp="2024-07-10T17:38:33 IST" skipped="0">
  <testcase classname="testscripts.smoke.Tc_106" name="checkInDateChange" time="60.022"/>
</testsuite> <!-- testscripts.smoke.Tc_106 -->
