<?xml version="1.0" encoding="UTF-8"?>
<!-- Generated by org.testng.reporters.JUnitReportReporter -->
<testsuite hostname="DESKTOP-6ANJRIO" failures="0" tests="1" name="testscripts.smoke.Tc_102" time="29.501" errors="0" timestamp="2024-07-10T13:10:24 IST" skipped="0">
  <testcase classname="testscripts.smoke.Tc_102" name="checkInDateChange" time="29.501"/>
</testsuite> <!-- testscripts.smoke.Tc_102 -->
