<?xml version="1.0" encoding="UTF-8"?>
<!-- Generated by org.testng.reporters.JUnitReportReporter -->
<testsuite hostname="DESKTOP-6ANJRIO" failures="0" tests="4" name="testscripts.regression.toValidateAllDat" time="69.694" errors="0" timestamp="2024-07-05T18:23:01 IST" skipped="0">
  <testcase classname="testscripts.regression.toValidateAllDat" name="toVerifyValidLoginDetailsTest" time="11.031"/>
  <testcase classname="testscripts.regression.toValidateAllDat" name="toVerifyValidLoginDetailsTest" time="20.806"/>
  <testcase classname="testscripts.regression.toValidateAllDat" name="toVerifyValidLoginDetailsTest" time="19.457"/>
  <testcase classname="testscripts.regression.toValidateAllDat" name="toVerifyValidLoginDetailsTest" time="18.400"/>
</testsuite> <!-- testscripts.regression.toValidateAllDat -->
