<?xml version="1.0" encoding="UTF-8"?>
<!-- Generated by org.testng.reporters.JUnitReportReporter -->
<testsuite hostname="DESKTOP-6ANJRIO" failures="0" tests="1" name="testscripts.regression.ValidateLoginUsingKeyWordDriven" time="23.265" errors="0" timestamp="2024-07-03T17:07:07 IST" skipped="0">
  <testcase classname="testscripts.regression.ValidateLoginUsingKeyWordDriven" name="validateLoginTest" time="23.265"/>
</testsuite> <!-- testscripts.regression.ValidateLoginUsingKeyWordDriven -->
